Aug-09 15:01:20.096 [main] DEBUG nextflow.cli.Launcher - $> nextflow run . --species 'Klebsiella aerogenes'
Aug-09 15:01:20.168 [main] DEBUG nextflow.cli.CmdRun - N E X T F L O W  ~  version 24.10.1
Aug-09 15:01:20.180 [main] DEBUG nextflow.plugin.PluginsFacade - Setting up plugin manager > mode=prod; embedded=false; plugins-dir=/Users/felipeespinoza/.nextflow/plugins; core-plugins: nf-amazon@2.9.1,nf-azure@1.10.2,nf-cloudcache@0.4.2,nf-codecommit@0.2.2,nf-console@1.1.4,nf-google@1.15.2,nf-tower@1.9.3,nf-wave@1.7.3
Aug-09 15:01:20.195 [main] INFO  o.pf4j.DefaultPluginStatusProvider - Enabled plugins: []
Aug-09 15:01:20.196 [main] INFO  o.pf4j.DefaultPluginStatusProvider - Disabled plugins: []
Aug-09 15:01:20.197 [main] INFO  org.pf4j.DefaultPluginManager - PF4J version 3.12.0 in 'deployment' mode
Aug-09 15:01:20.203 [main] INFO  org.pf4j.AbstractPluginManager - No plugins
Aug-09 15:01:20.462 [main] DEBUG nextflow.config.ConfigBuilder - Found config local: /Users/felipeespinoza/Documents/GitHub/proyecto-final-tap/nextflow.config
Aug-09 15:01:20.463 [main] DEBUG nextflow.config.ConfigBuilder - Parsing config file: /Users/felipeespinoza/Documents/GitHub/proyecto-final-tap/nextflow.config
Aug-09 15:01:20.479 [main] DEBUG n.secret.LocalSecretsProvider - Secrets store: /Users/felipeespinoza/.nextflow/secrets/store.json
Aug-09 15:01:20.481 [main] DEBUG nextflow.secret.SecretsLoader - Discovered secrets providers: [nextflow.secret.LocalSecretsProvider@216e0771] - activable => nextflow.secret.LocalSecretsProvider@216e0771
Aug-09 15:01:20.487 [main] DEBUG nextflow.config.ConfigBuilder - Applying config profile: `standard`
Aug-09 15:01:20.534 [main] DEBUG nextflow.cli.CmdRun - Applied DSL=2 from script declaration
Aug-09 15:01:20.544 [main] DEBUG nextflow.cli.CmdRun - Launching `./main.nf` [determined_dalembert] DSL2 - revision: 2b77c62f8e
Aug-09 15:01:20.545 [main] DEBUG nextflow.plugin.PluginsFacade - Plugins default=[]
Aug-09 15:01:20.545 [main] DEBUG nextflow.plugin.PluginsFacade - Plugins resolved requirement=[]
Aug-09 15:01:20.574 [main] DEBUG nextflow.Session - Session UUID: 33e78af2-c827-4e5f-b267-2e98e36b3354
Aug-09 15:01:20.574 [main] DEBUG nextflow.Session - Run name: determined_dalembert
Aug-09 15:01:20.574 [main] DEBUG nextflow.Session - Executor pool size: 12
Aug-09 15:01:20.580 [main] DEBUG nextflow.file.FilePorter - File porter settings maxRetries=3; maxTransfers=50; pollTimeout=null
Aug-09 15:01:20.583 [main] DEBUG nextflow.util.ThreadPoolBuilder - Creating thread pool 'FileTransfer' minSize=10; maxSize=36; workQueue=LinkedBlockingQueue[10000]; allowCoreThreadTimeout=false
Aug-09 15:01:20.597 [main] DEBUG nextflow.cli.CmdRun - 
  Version: 24.10.1 build 5930
  Created: 18-11-2024 12:21 UTC (09:21 CLST)
  System: Mac OS X 15.5
  Runtime: Groovy 4.0.23 on OpenJDK 64-Bit Server VM 17.0.15+0
  Encoding: UTF-8 (UTF-8)
  Process: 74867@Felipes-MacBook-Pro.local [127.0.0.1]
  CPUs: 12 - Mem: 16 GB (85.5 MB) - Swap: 4 GB (1.3 GB)
Aug-09 15:01:20.606 [main] DEBUG nextflow.Session - Work-dir: /Users/felipeespinoza/Documents/GitHub/proyecto-final-tap/work [Mac OS X]
Aug-09 15:01:20.606 [main] DEBUG nextflow.Session - Script base path does not exist or is not a directory: /Users/felipeespinoza/Documents/GitHub/proyecto-final-tap/bin
Aug-09 15:01:20.612 [main] DEBUG nextflow.executor.ExecutorFactory - Extension executors providers=[]
Aug-09 15:01:20.618 [main] DEBUG nextflow.Session - Observer factory: DefaultObserverFactory
Aug-09 15:01:20.634 [main] DEBUG nextflow.cache.CacheFactory - Using Nextflow cache factory: nextflow.cache.DefaultCacheFactory
Aug-09 15:01:20.639 [main] DEBUG nextflow.util.CustomThreadPool - Creating default thread pool > poolSize: 13; maxThreads: 1000
Aug-09 15:01:20.668 [main] DEBUG nextflow.Session - Session start
Aug-09 15:01:20.669 [main] DEBUG nextflow.trace.TraceFileObserver - Workflow started -- trace file: /Users/felipeespinoza/Documents/GitHub/proyecto-final-tap/trace.txt
Aug-09 15:01:20.938 [main] DEBUG nextflow.script.ScriptRunner - > Launching execution
Aug-09 15:01:20.990 [main] DEBUG nextflow.executor.ExecutorFactory - << taskConfig executor: local
Aug-09 15:01:20.990 [main] DEBUG nextflow.executor.ExecutorFactory - >> processorType: 'local'
Aug-09 15:01:20.992 [main] DEBUG nextflow.executor.Executor - [warm up] executor > local
Aug-09 15:01:20.995 [main] DEBUG n.processor.LocalPollingMonitor - Creating local task monitor for executor 'local' > cpus=12; memory=16 GB; capacity=12; pollInterval=100ms; dumpInterval=5m
Aug-09 15:01:20.997 [main] DEBUG n.processor.TaskPollingMonitor - >>> barrier register (monitor: local)
Aug-09 15:01:21.034 [main] DEBUG nextflow.Session - Workflow process names [dsl2]: DOWNLOAD_BY_SPECIES
Aug-09 15:01:21.034 [main] DEBUG nextflow.Session - Igniting dataflow network (5)
Aug-09 15:01:21.038 [main] DEBUG nextflow.processor.TaskProcessor - Starting process > DOWNLOAD_BY_SPECIES
Aug-09 15:01:21.038 [main] DEBUG nextflow.script.ScriptRunner - Parsed script files:
  Script_723f2367d6e2559c: /Users/felipeespinoza/Documents/GitHub/proyecto-final-tap/main.nf
Aug-09 15:01:21.038 [main] DEBUG nextflow.script.ScriptRunner - > Awaiting termination 
Aug-09 15:01:21.038 [main] DEBUG nextflow.Session - Session await
Aug-09 15:01:21.088 [Actor Thread 4] DEBUG nextflow.processor.TaskProcessor - Handling unexpected condition for
  task: name=DOWNLOAD_BY_SPECIES (Klebsiella aerogenes); work-dir=null
  error [nextflow.exception.ProcessUnrecoverableException]: Process `DOWNLOAD_BY_SPECIES (Klebsiella aerogenes)` script contains error(s)
Aug-09 15:01:21.103 [Actor Thread 4] ERROR nextflow.processor.TaskProcessor - Error executing process > 'DOWNLOAD_BY_SPECIES (Klebsiella aerogenes)'

Caused by:
  No such variable: rc -- Check script 'main.nf' at line: 60


Source block:
  """
  set -euo pipefail
  set -x   # <<< traza visible en .command.err
  
  echo "[NF] PRE_STAGE start"
  
  # Opciones SSH NO interactivas y con timeout (para evitar bloqueos sin TTY)
  SSH_OPTS="-o BatchMode=yes -o PasswordAuthentication=no -o PubkeyAuthentication=yes \
            -o StrictHostKeyChecking=accept-new -o IdentitiesOnly=yes \
            -o ConnectTimeout=8 -o ServerAliveInterval=10 -o ServerAliveCountMax=2 -o LogLevel=ERROR"
  
  # --- STAGING VALIDATION ---
  if [[ ! -s "${dl_script}" ]]; then echo "[NF] missing dl_script" ; exit 2 ; fi
  if [[ ! -s "${acc_py}"    ]]; then echo "[NF] missing acc_py"    ; exit 2 ; fi
  if [[ ! -s "${supp_csv}"  ]]; then echo "[NF] missing supp_csv"  ; exit 2 ; fi
  
  mkdir -p scripts bin
  cp "${dl_script}" scripts/download_by_species.sh
  cp "${acc_py}"    scripts/get_accessions.py
  cp "${supp_csv}"  ./Supplememtary_Table_1.csv
  chmod +x scripts/download_by_species.sh
  
  # Wrapper ssh no-interactivo en PATH
  cat > bin/ssh <<'EOS'
  #!/usr/bin/env bash
  exec /usr/bin/ssh -o BatchMode=yes -o PasswordAuthentication=no -o PubkeyAuthentication=yes \
                    -o StrictHostKeyChecking=accept-new -o IdentitiesOnly=yes \
                    -o ConnectTimeout=8 -o ServerAliveInterval=10 -o ServerAliveCountMax=2 -o LogLevel=ERROR "\$@"
  EOS
  chmod +x bin/ssh
  export PATH="\$PWD/bin:\$PATH"
  export RSYNC_RSH="ssh"
  
  echo "[NF] PRE_STAGE end"
  
  # --- PREFLIGHT con timeout duro y logs PRE/POST ---
  echo "[NF] PREFLIGHT start"
  if ! timeout 12s ssh \${SSH_OPTS} "${params.remote_user}@${params.remote_host}" true ; then
    echo "[NF] PREFLIGHT fail: sin acceso SSH no-interactivo a ${params.remote_user}@${params.remote_host}"
    echo "[NF] tips: eval \"\$(ssh-agent -s)\" && ssh-add ~/.ssh/id_ed25519 && ssh -o BatchMode=yes ${params.remote_user}@${params.remote_host} true"
    exit 1
  fi
  echo "[NF] PREFLIGHT ok"
  
  # --- MONITOR DE PROGRESO ---
  mkdir -p "${params.dest_base}"
  (
    while true; do
      cnt=\$(find "${params.dest_base}" -type f -name '*.fna' 2>/dev/null | wc -l || true)
      echo "[NF] PROGRESS .fna: \$cnt"
      sleep 5
    done
  ) &
  mon_pid=\$!
  
  echo "[NF] RUN start: ${sp}"
  set +e
  # timeout global de 30m (ajústalo si necesitas más)
  timeout 30m stdbuf -oL -eL scripts/download_by_species.sh --debug "${sp}" "${params.dest_base}" | tee -a .nf.out
  rc=\${PIPESTATUS[0]}
  set -e
  echo "[NF] RUN end rc=$rc"
  
  kill -TERM "\$mon_pid" 2>/dev/null || true
  wait "\$mon_pid" 2>/dev/null || true
  
  exit "$rc"
  """

Tip: you can try to figure out what's wrong by changing to the process work dir and showing the script file named `.command.sh`
Aug-09 15:01:21.107 [Actor Thread 4] DEBUG nextflow.Session - Session aborted -- Cause: Process `DOWNLOAD_BY_SPECIES (Klebsiella aerogenes)` script contains error(s)
Aug-09 15:01:21.115 [Actor Thread 4] DEBUG nextflow.Session - The following nodes are still active:
[process] DOWNLOAD_BY_SPECIES
  status=ACTIVE
  port 0: (queue) closed; channel: sp
  port 1: (queue) OPEN  ; channel: dl_script
  port 2: (queue) OPEN  ; channel: acc_py
  port 3: (queue) OPEN  ; channel: supp_csv
  port 4: (cntrl) -     ; channel: $

Aug-09 15:01:21.118 [Actor Thread 4] DEBUG nextflow.Session - 
Thread[Actor Thread 2,5,main]
  java.base@17.0.15/jdk.internal.misc.Unsafe.park(Native Method)
  java.base@17.0.15/java.util.concurrent.locks.LockSupport.park(LockSupport.java:211)
  java.base@17.0.15/java.util.concurrent.locks.AbstractQueuedSynchronizer.acquire(AbstractQueuedSynchronizer.java:715)
  java.base@17.0.15/java.util.concurrent.locks.AbstractQueuedSynchronizer.acquireSharedInterruptibly(AbstractQueuedSynchronizer.java:1047)
  java.base@17.0.15/java.util.concurrent.Semaphore.acquire(Semaphore.java:475)
  app//groovyx.gpars.dataflow.operator.ForkingDataflowOperatorActor.forwardPoisonPill(ForkingDataflowOperatorActor.java:69)
  app//groovyx.gpars.dataflow.operator.DataflowProcessorActor.checkPoison(DataflowProcessorActor.java:114)
  app//groovyx.gpars.dataflow.operator.DataflowOperatorActor.onMessage(DataflowOperatorActor.java:83)
  app//groovyx.gpars.actor.impl.SDAClosure$1.call(SDAClosure.java:43)
  app//groovyx.gpars.actor.AbstractLoopingActor.runEnhancedWithoutRepliesOnMessages(AbstractLoopingActor.java:293)
  app//groovyx.gpars.actor.AbstractLoopingActor.access$400(AbstractLoopingActor.java:30)
  app//groovyx.gpars.actor.AbstractLoopingActor$1.handleMessage(AbstractLoopingActor.java:93)
  app//groovyx.gpars.util.AsyncMessagingCore.run(AsyncMessagingCore.java:132)
  java.base@17.0.15/java.util.concurrent.ThreadPoolExecutor.runWorker(ThreadPoolExecutor.java:1136)
  java.base@17.0.15/java.util.concurrent.ThreadPoolExecutor$Worker.run(ThreadPoolExecutor.java:635)
  java.base@17.0.15/java.lang.Thread.run(Thread.java:840)

Thread[Signal Dispatcher,9,system]

Thread[Reference Handler,10,system]
  java.base@17.0.15/java.lang.ref.Reference.waitForReferencePendingList(Native Method)
  java.base@17.0.15/java.lang.ref.Reference.processPendingReferences(Reference.java:253)
  java.base@17.0.15/java.lang.ref.Reference$ReferenceHandler.run(Reference.java:215)

Thread[Actor Thread 5,5,main]
  java.base@17.0.15/jdk.internal.misc.Unsafe.park(Native Method)
  java.base@17.0.15/java.util.concurrent.locks.LockSupport.park(LockSupport.java:341)
  java.base@17.0.15/java.util.concurrent.SynchronousQueue$TransferStack$SNode.block(SynchronousQueue.java:288)
  java.base@17.0.15/java.util.concurrent.ForkJoinPool.unmanagedBlock(ForkJoinPool.java:3465)
  java.base@17.0.15/java.util.concurrent.ForkJoinPool.managedBlock(ForkJoinPool.java:3436)
  java.base@17.0.15/java.util.concurrent.SynchronousQueue$TransferStack.transfer(SynchronousQueue.java:397)
  java.base@17.0.15/java.util.concurrent.SynchronousQueue.take(SynchronousQueue.java:886)
  java.base@17.0.15/java.util.concurrent.ThreadPoolExecutor.getTask(ThreadPoolExecutor.java:1062)
  java.base@17.0.15/java.util.concurrent.ThreadPoolExecutor.runWorker(ThreadPoolExecutor.java:1122)
  java.base@17.0.15/java.util.concurrent.ThreadPoolExecutor$Worker.run(ThreadPoolExecutor.java:635)
  java.base@17.0.15/java.lang.Thread.run(Thread.java:840)

Thread[Task monitor,5,main]
  java.base@17.0.15/jdk.internal.misc.Unsafe.park(Native Method)
  java.base@17.0.15/java.util.concurrent.locks.LockSupport.parkNanos(LockSupport.java:252)
  java.base@17.0.15/java.util.concurrent.locks.AbstractQueuedSynchronizer$ConditionObject.await(AbstractQueuedSynchronizer.java:1764)
  app//nextflow.processor.TaskPollingMonitor$_await_closure5.doCall(TaskPollingMonitor.groovy:529)
  app//nextflow.processor.TaskPollingMonitor$_await_closure5.call(TaskPollingMonitor.groovy)
  app//nextflow.extension.Bolts.withLock(Bolts.groovy:337)
  app//nextflow.extension.Bolts.withLock(Bolts.groovy)
  app//nextflow.processor.TaskPollingMonitor.await(TaskPollingMonitor.groovy:528)
  app//nextflow.processor.TaskPollingMonitor.pollLoop(TaskPollingMonitor.groovy:453)
  java.base@17.0.15/jdk.internal.reflect.NativeMethodAccessorImpl.invoke0(Native Method)
  java.base@17.0.15/jdk.internal.reflect.NativeMethodAccessorImpl.invoke(NativeMethodAccessorImpl.java:77)
  java.base@17.0.15/jdk.internal.reflect.DelegatingMethodAccessorImpl.invoke(DelegatingMethodAccessorImpl.java:43)
  java.base@17.0.15/java.lang.reflect.Method.invoke(Method.java:569)
  app//org.codehaus.groovy.reflection.CachedMethod.invoke(CachedMethod.java:343)
  app//groovy.lang.MetaMethod.doMethodInvoke(MetaMethod.java:328)
  app//groovy.lang.MetaClassImpl.doInvokeMethod(MetaClassImpl.java:1333)
  app//groovy.lang.MetaClassImpl.invokeMethod(MetaClassImpl.java:1088)
  app//groovy.lang.MetaClassImpl.invokeMethod(MetaClassImpl.java:1007)
  app//org.codehaus.groovy.runtime.InvokerHelper.invokePogoMethod(InvokerHelper.java:645)
  app//org.codehaus.groovy.runtime.InvokerHelper.invokeMethod(InvokerHelper.java:628)
  app//org.codehaus.groovy.runtime.InvokerHelper.invokeMethodSafe(InvokerHelper.java:82)
  app//nextflow.processor.TaskPollingMonitor$_start_closure2.doCall(TaskPollingMonitor.groovy:318)
  app//nextflow.processor.TaskPollingMonitor$_start_closure2.call(TaskPollingMonitor.groovy)
  app//groovy.lang.Closure.run(Closure.java:505)
  java.base@17.0.15/java.lang.Thread.run(Thread.java:840)

Thread[process reaper,10,system]
  java.base@17.0.15/jdk.internal.misc.Unsafe.park(Native Method)
  java.base@17.0.15/java.util.concurrent.locks.LockSupport.parkNanos(LockSupport.java:252)
  java.base@17.0.15/java.util.concurrent.SynchronousQueue$TransferStack.transfer(SynchronousQueue.java:401)
  java.base@17.0.15/java.util.concurrent.SynchronousQueue.poll(SynchronousQueue.java:903)
  java.base@17.0.15/java.util.concurrent.ThreadPoolExecutor.getTask(ThreadPoolExecutor.java:1061)
  java.base@17.0.15/java.util.concurrent.ThreadPoolExecutor.runWorker(ThreadPoolExecutor.java:1122)
  java.base@17.0.15/java.util.concurrent.ThreadPoolExecutor$Worker.run(ThreadPoolExecutor.java:635)
  java.base@17.0.15/java.lang.Thread.run(Thread.java:840)

Thread[Notification Thread,9,system]

Thread[PathVisitor-3,5,main]
  java.base@17.0.15/jdk.internal.misc.Unsafe.park(Native Method)
  java.base@17.0.15/java.util.concurrent.locks.LockSupport.parkNanos(LockSupport.java:252)
  java.base@17.0.15/java.util.concurrent.SynchronousQueue$TransferStack.transfer(SynchronousQueue.java:401)
  java.base@17.0.15/java.util.concurrent.SynchronousQueue.poll(SynchronousQueue.java:903)
  java.base@17.0.15/java.util.concurrent.ThreadPoolExecutor.getTask(ThreadPoolExecutor.java:1061)
  java.base@17.0.15/java.util.concurrent.ThreadPoolExecutor.runWorker(ThreadPoolExecutor.java:1122)
  java.base@17.0.15/java.util.concurrent.ThreadPoolExecutor$Worker.run(ThreadPoolExecutor.java:635)
  java.base@17.0.15/java.lang.Thread.run(Thread.java:840)

Thread[AnsiLogObserver,5,main]
  java.base@17.0.15/java.lang.Object.wait(Native Method)
  app//nextflow.trace.AnsiLogObserver.render0(AnsiLogObserver.groovy:185)
  java.base@17.0.15/jdk.internal.reflect.NativeMethodAccessorImpl.invoke0(Native Method)
  java.base@17.0.15/jdk.internal.reflect.NativeMethodAccessorImpl.invoke(NativeMethodAccessorImpl.java:77)
  java.base@17.0.15/jdk.internal.reflect.DelegatingMethodAccessorImpl.invoke(DelegatingMethodAccessorImpl.java:43)
  java.base@17.0.15/java.lang.reflect.Method.invoke(Method.java:569)
  app//org.codehaus.groovy.reflection.CachedMethod.invoke(CachedMethod.java:343)
  app//groovy.lang.MetaMethod.doMethodInvoke(MetaMethod.java:328)
  app//groovy.lang.MetaClassImpl.doInvokeMethod(MetaClassImpl.java:1333)
  app//groovy.lang.MetaClassImpl.invokeMethod(MetaClassImpl.java:1088)
  app//groovy.lang.MetaClassImpl.invokeMethodClosure(MetaClassImpl.java:1017)
  app//groovy.lang.MetaClassImpl.doInvokeMethod(MetaClassImpl.java:1207)
  app//groovy.lang.MetaClassImpl.invokeMethod(MetaClassImpl.java:1088)
  app//groovy.lang.MetaClassImpl.invokeMethod(MetaClassImpl.java:1007)
  app//groovy.lang.Closure.call(Closure.java:433)
  app//groovy.lang.Closure.call(Closure.java:412)
  app//groovy.lang.Closure.run(Closure.java:505)
  java.base@17.0.15/java.lang.Thread.run(Thread.java:840)

Thread[Actor Thread 1,5,main]
  java.base@17.0.15/jdk.internal.misc.Unsafe.park(Native Method)
  java.base@17.0.15/java.util.concurrent.locks.LockSupport.park(LockSupport.java:341)
  java.base@17.0.15/java.util.concurrent.SynchronousQueue$TransferStack$SNode.block(SynchronousQueue.java:288)
  java.base@17.0.15/java.util.concurrent.ForkJoinPool.unmanagedBlock(ForkJoinPool.java:3465)
  java.base@17.0.15/java.util.concurrent.ForkJoinPool.managedBlock(ForkJoinPool.java:3436)
  java.base@17.0.15/java.util.concurrent.SynchronousQueue$TransferStack.transfer(SynchronousQueue.java:397)
  java.base@17.0.15/java.util.concurrent.SynchronousQueue.take(SynchronousQueue.java:886)
  java.base@17.0.15/java.util.concurrent.ThreadPoolExecutor.getTask(ThreadPoolExecutor.java:1062)
  java.base@17.0.15/java.util.concurrent.ThreadPoolExecutor.runWorker(ThreadPoolExecutor.java:1122)
  java.base@17.0.15/java.util.concurrent.ThreadPoolExecutor$Worker.run(ThreadPoolExecutor.java:635)
  java.base@17.0.15/java.lang.Thread.run(Thread.java:840)

Thread[Thread-1,5,main]
  java.base@17.0.15/jdk.internal.misc.Unsafe.park(Native Method)
  java.base@17.0.15/java.util.concurrent.locks.LockSupport.parkNanos(LockSupport.java:252)
  java.base@17.0.15/java.util.concurrent.locks.AbstractQueuedSynchronizer$ConditionObject.awaitNanos(AbstractQueuedSynchronizer.java:1679)
  java.base@17.0.15/java.util.concurrent.LinkedBlockingDeque.pollFirst(LinkedBlockingDeque.java:515)
  java.base@17.0.15/java.util.concurrent.LinkedBlockingDeque.poll(LinkedBlockingDeque.java:677)
  app//nextflow.util.SimpleAgent.run(SimpleAgent.groovy:89)
  java.base@17.0.15/jdk.internal.reflect.NativeMethodAccessorImpl.invoke0(Native Method)
  java.base@17.0.15/jdk.internal.reflect.NativeMethodAccessorImpl.invoke(NativeMethodAccessorImpl.java:77)
  java.base@17.0.15/jdk.internal.reflect.DelegatingMethodAccessorImpl.invoke(DelegatingMethodAccessorImpl.java:43)
  java.base@17.0.15/java.lang.reflect.Method.invoke(Method.java:569)
  app//org.codehaus.groovy.reflection.CachedMethod.invoke(CachedMethod.java:343)
  app//groovy.lang.MetaMethod.doMethodInvoke(MetaMethod.java:328)
  app//groovy.lang.MetaClassImpl.doInvokeMethod(MetaClassImpl.java:1333)
  app//groovy.lang.MetaClassImpl.invokeMethod(MetaClassImpl.java:1088)
  app//groovy.lang.MetaClassImpl.invokeMethodClosure(MetaClassImpl.java:1017)
  app//groovy.lang.MetaClassImpl.doInvokeMethod(MetaClassImpl.java:1207)
  app//groovy.lang.MetaClassImpl.invokeMethod(MetaClassImpl.java:1088)
  app//groovy.lang.MetaClassImpl.invokeMethod(MetaClassImpl.java:1007)
  app//groovy.lang.Closure.call(Closure.java:433)
  app//groovy.lang.Closure.call(Closure.java:412)
  app//groovy.lang.Closure.run(Closure.java:505)
  java.base@17.0.15/java.lang.Thread.run(Thread.java:840)

Thread[Actor Thread 3,5,main]
  java.base@17.0.15/jdk.internal.misc.Unsafe.park(Native Method)
  java.base@17.0.15/java.util.concurrent.locks.LockSupport.park(LockSupport.java:341)
  java.base@17.0.15/java.util.concurrent.SynchronousQueue$TransferStack$SNode.block(SynchronousQueue.java:288)
  java.base@17.0.15/java.util.concurrent.ForkJoinPool.unmanagedBlock(ForkJoinPool.java:3465)
  java.base@17.0.15/java.util.concurrent.ForkJoinPool.managedBlock(ForkJoinPool.java:3436)
  java.base@17.0.15/java.util.concurrent.SynchronousQueue$TransferStack.transfer(SynchronousQueue.java:397)
  java.base@17.0.15/java.util.concurrent.SynchronousQueue.take(SynchronousQueue.java:886)
  java.base@17.0.15/java.util.concurrent.ThreadPoolExecutor.getTask(ThreadPoolExecutor.java:1062)
  java.base@17.0.15/java.util.concurrent.ThreadPoolExecutor.runWorker(ThreadPoolExecutor.java:1122)
  java.base@17.0.15/java.util.concurrent.ThreadPoolExecutor$Worker.run(ThreadPoolExecutor.java:635)
  java.base@17.0.15/java.lang.Thread.run(Thread.java:840)

Thread[PathVisitor-1,5,main]
  java.base@17.0.15/jdk.internal.misc.Unsafe.park(Native Method)
  java.base@17.0.15/java.util.concurrent.locks.LockSupport.parkNanos(LockSupport.java:252)
  java.base@17.0.15/java.util.concurrent.SynchronousQueue$TransferStack.transfer(SynchronousQueue.java:401)
  java.base@17.0.15/java.util.concurrent.SynchronousQueue.poll(SynchronousQueue.java:903)
  java.base@17.0.15/java.util.concurrent.ThreadPoolExecutor.getTask(ThreadPoolExecutor.java:1061)
  java.base@17.0.15/java.util.concurrent.ThreadPoolExecutor.runWorker(ThreadPoolExecutor.java:1122)
  java.base@17.0.15/java.util.concurrent.ThreadPoolExecutor$Worker.run(ThreadPoolExecutor.java:635)
  java.base@17.0.15/java.lang.Thread.run(Thread.java:840)

Thread[Task submitter,5,main]
  java.base@17.0.15/jdk.internal.misc.Unsafe.park(Native Method)
  java.base@17.0.15/java.util.concurrent.locks.LockSupport.park(LockSupport.java:341)
  java.base@17.0.15/java.util.concurrent.locks.AbstractQueuedSynchronizer$ConditionNode.block(AbstractQueuedSynchronizer.java:506)
  java.base@17.0.15/java.util.concurrent.ForkJoinPool.unmanagedBlock(ForkJoinPool.java:3465)
  java.base@17.0.15/java.util.concurrent.ForkJoinPool.managedBlock(ForkJoinPool.java:3436)
  java.base@17.0.15/java.util.concurrent.locks.AbstractQueuedSynchronizer$ConditionObject.await(AbstractQueuedSynchronizer.java:1630)
  app//nextflow.processor.TaskPollingMonitor.awaitTasks(TaskPollingMonitor.groovy:388)
  app//nextflow.processor.TaskPollingMonitor.submitLoop(TaskPollingMonitor.groovy:412)
  java.base@17.0.15/jdk.internal.reflect.NativeMethodAccessorImpl.invoke0(Native Method)
  java.base@17.0.15/jdk.internal.reflect.NativeMethodAccessorImpl.invoke(NativeMethodAccessorImpl.java:77)
  java.base@17.0.15/jdk.internal.reflect.DelegatingMethodAccessorImpl.invoke(DelegatingMethodAccessorImpl.java:43)
  java.base@17.0.15/java.lang.reflect.Method.invoke(Method.java:569)
  app//org.codehaus.groovy.reflection.CachedMethod.invoke(CachedMethod.java:343)
  app//groovy.lang.MetaMethod.doMethodInvoke(MetaMethod.java:328)
  app//groovy.lang.MetaClassImpl.doInvokeMethod(MetaClassImpl.java:1333)
  app//groovy.lang.MetaClassImpl.invokeMethod(MetaClassImpl.java:1088)
  app//groovy.lang.MetaClassImpl.invokeMethodClosure(MetaClassImpl.java:1017)
  app//groovy.lang.MetaClassImpl.doInvokeMethod(MetaClassImpl.java:1207)
  app//groovy.lang.MetaClassImpl.invokeMethod(MetaClassImpl.java:1088)
  app//groovy.lang.MetaClassImpl.invokeMethod(MetaClassImpl.java:1007)
  app//groovy.lang.Closure.call(Closure.java:433)
  app//groovy.lang.Closure.call(Closure.java:412)
  app//groovy.lang.Closure.run(Closure.java:505)
  java.base@17.0.15/java.lang.Thread.run(Thread.java:840)

Thread[Common-Cleaner,8,InnocuousThreadGroup]
  java.base@17.0.15/java.lang.Object.wait(Native Method)
  java.base@17.0.15/java.lang.ref.ReferenceQueue.remove(ReferenceQueue.java:155)
  java.base@17.0.15/jdk.internal.ref.CleanerImpl.run(CleanerImpl.java:140)
  java.base@17.0.15/java.lang.Thread.run(Thread.java:840)
  java.base@17.0.15/jdk.internal.misc.InnocuousThread.run(InnocuousThread.java:162)

Thread[main,5,main]
  java.base@17.0.15/jdk.internal.misc.Unsafe.park(Native Method)
  java.base@17.0.15/java.util.concurrent.locks.LockSupport.park(LockSupport.java:341)
  java.base@17.0.15/java.util.concurrent.locks.AbstractQueuedSynchronizer$ConditionNode.block(AbstractQueuedSynchronizer.java:506)
  java.base@17.0.15/java.util.concurrent.ForkJoinPool.unmanagedBlock(ForkJoinPool.java:3465)
  java.base@17.0.15/java.util.concurrent.ForkJoinPool.managedBlock(ForkJoinPool.java:3436)
  java.base@17.0.15/java.util.concurrent.locks.AbstractQueuedSynchronizer$ConditionObject.await(AbstractQueuedSynchronizer.java:1630)
  app//nextflow.util.Barrier$_awaitCompletion_closure3.doCall(Barrier.groovy:92)
  app//nextflow.util.Barrier$_awaitCompletion_closure3.call(Barrier.groovy)
  app//nextflow.extension.Bolts.withLock(Bolts.groovy:337)
  app//nextflow.extension.Bolts.withLock(Bolts.groovy)
  app//nextflow.util.Barrier.awaitCompletion(Barrier.groovy:89)
  app//nextflow.Session.await(Session.groovy:676)
  app//nextflow.script.ScriptRunner.await(ScriptRunner.groovy:256)
  app//nextflow.script.ScriptRunner.execute(ScriptRunner.groovy:144)
  app//nextflow.cli.CmdRun.run(CmdRun.groovy:376)
  app//nextflow.cli.Launcher.run(Launcher.groovy:503)
  app//nextflow.cli.Launcher.main(Launcher.groovy:658)

Thread[Finalizer,8,system]
  java.base@17.0.15/java.lang.Object.wait(Native Method)
  java.base@17.0.15/java.lang.ref.ReferenceQueue.remove(ReferenceQueue.java:155)
  java.base@17.0.15/java.lang.ref.ReferenceQueue.remove(ReferenceQueue.java:176)
  java.base@17.0.15/java.lang.ref.Finalizer$FinalizerThread.run(Finalizer.java:172)

Thread[Actor Thread 4,5,main]
  java.base@17.0.15/java.lang.Thread.dumpThreads(Native Method)
  java.base@17.0.15/java.lang.Thread.getAllStackTraces(Thread.java:1671)
  app//nextflow.util.SysHelper.dumpThreads(SysHelper.groovy:188)
  app//nextflow.Session.abort(Session.groovy:800)
  app//nextflow.Session.fault(Session.groovy:766)
  app//nextflow.Session.fault(Session.groovy)
  java.base@17.0.15/java.lang.invoke.DirectMethodHandle$Holder.invokeVirtual(DirectMethodHandle$Holder)
  java.base@17.0.15/java.lang.invoke.LambdaForm$MH/0x00000090012d5800.invoke(LambdaForm$MH)
  java.base@17.0.15/java.lang.invoke.LambdaForm$MH/0x0000009001105800.guardWithCatch(LambdaForm$MH)
  java.base@17.0.15/java.lang.invoke.LambdaForm$MH/0x0000009001106000.reinvoke(LambdaForm$MH)
  java.base@17.0.15/java.lang.invoke.LambdaForm$MH/0x0000009001106400.guard(LambdaForm$MH)
  java.base@17.0.15/java.lang.invoke.LambdaForm$MH/0x0000009001106000.reinvoke(LambdaForm$MH)
  java.base@17.0.15/java.lang.invoke.LambdaForm$MH/0x0000009001106400.guard(LambdaForm$MH)
  java.base@17.0.15/java.lang.invoke.LambdaForm$MH/0x0000009001106000.reinvoke(LambdaForm$MH)
  java.base@17.0.15/java.lang.invoke.LambdaForm$MH/0x0000009001162c00.invoke(LambdaForm$MH)
  java.base@17.0.15/java.lang.invoke.LambdaForm$MH/0x00000090010bc000.invokeExact_MT(LambdaForm$MH)
  app//org.codehaus.groovy.vmplugin.v8.IndyInterface.fromCache(IndyInterface.java:321)
  java.base@17.0.15/java.lang.invoke.LambdaForm$DMH/0x00000090010a8c00.invokeStatic(LambdaForm$DMH)
  java.base@17.0.15/java.lang.invoke.LambdaForm$MH/0x0000009001105000.invoke(LambdaForm$MH)
  java.base@17.0.15/java.lang.invoke.Invokers$Holder.linkToCallSite(Invokers$Holder)
  app//nextflow.processor.TaskProcessor.handleException(TaskProcessor.groovy:1004)
  java.base@17.0.15/jdk.internal.reflect.NativeMethodAccessorImpl.invoke0(Native Method)
  java.base@17.0.15/jdk.internal.reflect.NativeMethodAccessorImpl.invoke(NativeMethodAccessorImpl.java:77)
  java.base@17.0.15/jdk.internal.reflect.DelegatingMethodAccessorImpl.invoke(DelegatingMethodAccessorImpl.java:43)
  java.base@17.0.15/java.lang.reflect.Method.invoke(Method.java:569)
  app//org.codehaus.groovy.reflection.CachedMethod.invoke(CachedMethod.java:343)
  app//groovy.lang.MetaMethod.doMethodInvoke(MetaMethod.java:328)
  app//groovy.lang.MetaClassImpl.doInvokeMethod(MetaClassImpl.java:1333)
  app//groovy.lang.MetaClassImpl.invokeMethod(MetaClassImpl.java:1088)
  app//org.codehaus.groovy.runtime.ScriptBytecodeAdapter.invokeMethodOnCurrentN(ScriptBytecodeAdapter.java:96)
  app//nextflow.processor.TaskProcessor.this$dist$invoke$1(TaskProcessor.groovy)
  app//nextflow.processor.TaskProcessor$TaskProcessorInterceptor.methodMissing(TaskProcessor.groovy)
  java.base@17.0.15/jdk.internal.reflect.NativeMethodAccessorImpl.invoke0(Native Method)
  java.base@17.0.15/jdk.internal.reflect.NativeMethodAccessorImpl.invoke(NativeMethodAccessorImpl.java:77)
  java.base@17.0.15/jdk.internal.reflect.DelegatingMethodAccessorImpl.invoke(DelegatingMethodAccessorImpl.java:43)
  java.base@17.0.15/java.lang.reflect.Method.invoke(Method.java:569)
  app//org.codehaus.groovy.reflection.CachedMethod.invoke(CachedMethod.java:343)
  app//groovy.lang.MetaClassImpl.invokeMissingMethod(MetaClassImpl.java:924)
  app//groovy.lang.MetaClassImpl.invokePropertyOrMissing(MetaClassImpl.java:1413)
  app//groovy.lang.MetaClassImpl.doInvokeMethod(MetaClassImpl.java:1335)
  app//groovy.lang.MetaClassImpl.invokeMethod(MetaClassImpl.java:1088)
  app//groovy.lang.MetaClassImpl.invokeMethod(MetaClassImpl.java:1007)
  java.base@17.0.15/java.lang.invoke.LambdaForm$DMH/0x00000090010b6c00.invokeInterface(LambdaForm$DMH)
  java.base@17.0.15/java.lang.invoke.LambdaForm$MH/0x0000009001175400.invoke(LambdaForm$MH)
  java.base@17.0.15/java.lang.invoke.LambdaForm$MH/0x00000090012d9000.invoke(LambdaForm$MH)
  java.base@17.0.15/java.lang.invoke.LambdaForm$MH/0x0000009001160000.guardWithCatch(LambdaForm$MH)
  java.base@17.0.15/java.lang.invoke.LambdaForm$MH/0x0000009001160c00.reinvoke(LambdaForm$MH)
  java.base@17.0.15/java.lang.invoke.LambdaForm$MH/0x0000009001161000.guard(LambdaForm$MH)
  java.base@17.0.15/java.lang.invoke.LambdaForm$MH/0x0000009001160c00.reinvoke(LambdaForm$MH)
  java.base@17.0.15/java.lang.invoke.LambdaForm$MH/0x0000009001161000.guard(LambdaForm$MH)
  java.base@17.0.15/java.lang.invoke.LambdaForm$MH/0x0000009001160c00.reinvoke(LambdaForm$MH)
  java.base@17.0.15/java.lang.invoke.LambdaForm$MH/0x00000090012f4800.invoke(LambdaForm$MH)
  java.base@17.0.15/java.lang.invoke.LambdaForm$MH/0x00000090010bc000.invokeExact_MT(LambdaForm$MH)
  app//org.codehaus.groovy.vmplugin.v8.IndyInterface.fromCache(IndyInterface.java:321)
  java.base@17.0.15/java.lang.invoke.LambdaForm$DMH/0x00000090010a8c00.invokeStatic(LambdaForm$DMH)
  java.base@17.0.15/java.lang.invoke.LambdaForm$MH/0x000000900115e400.invoke(LambdaForm$MH)
  java.base@17.0.15/java.lang.invoke.Invokers$Holder.linkToCallSite(Invokers$Holder)
  app//nextflow.processor.TaskProcessor$TaskProcessorInterceptor.onException(TaskProcessor.groovy:2606)
  app//groovyx.gpars.dataflow.operator.DataflowProcessor.fireOnException(DataflowProcessor.java:331)
  app//groovyx.gpars.dataflow.operator.DataflowProcessor.reportError(DataflowProcessor.java:293)
  app//groovyx.gpars.dataflow.operator.DataflowProcessorActor.reportException(DataflowProcessorActor.java:125)
  app//groovyx.gpars.dataflow.operator.DataflowOperatorActor.startTask(DataflowOperatorActor.java:122)
  app//groovyx.gpars.dataflow.operator.ForkingDataflowOperatorActor.access$001(ForkingDataflowOperatorActor.java:35)
  app//groovyx.gpars.dataflow.operator.ForkingDataflowOperatorActor$1.run(ForkingDataflowOperatorActor.java:58)
  java.base@17.0.15/java.util.concurrent.ThreadPoolExecutor.runWorker(ThreadPoolExecutor.java:1136)
  java.base@17.0.15/java.util.concurrent.ThreadPoolExecutor$Worker.run(ThreadPoolExecutor.java:635)
  java.base@17.0.15/java.lang.Thread.run(Thread.java:840)

Thread[PathVisitor-2,5,main]
  java.base@17.0.15/jdk.internal.misc.Unsafe.park(Native Method)
  java.base@17.0.15/java.util.concurrent.locks.LockSupport.parkNanos(LockSupport.java:252)
  java.base@17.0.15/java.util.concurrent.SynchronousQueue$TransferStack.transfer(SynchronousQueue.java:401)
  java.base@17.0.15/java.util.concurrent.SynchronousQueue.poll(SynchronousQueue.java:903)
  java.base@17.0.15/java.util.concurrent.ThreadPoolExecutor.getTask(ThreadPoolExecutor.java:1061)
  java.base@17.0.15/java.util.concurrent.ThreadPoolExecutor.runWorker(ThreadPoolExecutor.java:1122)
  java.base@17.0.15/java.util.concurrent.ThreadPoolExecutor$Worker.run(ThreadPoolExecutor.java:635)
  java.base@17.0.15/java.lang.Thread.run(Thread.java:840)

Aug-09 15:01:21.120 [main] DEBUG nextflow.Session - Session await > all processes finished
Aug-09 15:01:21.120 [main] DEBUG nextflow.Session - Session await > all barriers passed
Aug-09 15:01:21.120 [Task monitor] DEBUG n.processor.TaskPollingMonitor - <<< barrier arrives (monitor: local) - terminating tasks monitor poll loop
Aug-09 15:01:21.121 [Actor Thread 2] DEBUG nextflow.processor.TaskProcessor - Handling unexpected condition for
  task: name=DOWNLOAD_BY_SPECIES; work-dir=null
  error [java.lang.InterruptedException]: java.lang.InterruptedException
Aug-09 15:01:21.123 [main] DEBUG n.trace.WorkflowStatsObserver - Workflow completed > WorkflowStats[succeededCount=0; failedCount=0; ignoredCount=0; cachedCount=0; pendingCount=0; submittedCount=0; runningCount=0; retriesCount=0; abortedCount=0; succeedDuration=0ms; failedDuration=0ms; cachedDuration=0ms;loadCpus=0; loadMemory=0; peakRunning=0; peakCpus=0; peakMemory=0; ]
Aug-09 15:01:21.123 [main] DEBUG nextflow.trace.TraceFileObserver - Workflow completed -- saving trace file
Aug-09 15:01:21.123 [main] DEBUG nextflow.trace.TimelineObserver - Workflow completed -- rendering execution timeline
Aug-09 15:01:21.316 [main] DEBUG nextflow.cache.CacheDB - Closing CacheDB done
Aug-09 15:01:21.333 [main] DEBUG nextflow.script.ScriptRunner - > Execution complete -- Goodbye
