🔎 Obteniendo accessions asociados a la especie "s__Mycobacterium intracellulare"...
/Users/felipeespinoza/Documents/GitHub/proyecto-final-tap/scripts/get_accessions.py:8: DtypeWarning: Columns (27,29,35,36,37,38) have mixed types. Specify dtype option on import or set low_memory=False.
  df = pd.read_csv(csv_path)
📥 Descargando archivos:
⬇️  /home/amoya/Data_forTap/selected_Genomes/GCF_002148195.1_ASM214819v1_genomic.fna
⬇️  /home/amoya/Data_forTap/selected_Genomes/GCF_002148195.1_ASM214819v1_genomic.fna.gz
⬇️  /home/amoya/Data_forTap/selected_Genomes/GCF_002148175.1_ASM214817v1_genomic.fna.gz
⬇️  /home/amoya/Data_forTap/selected_Genomes/GCF_002148175.1_ASM214817v1_genomic.fna
⬇️  /home/amoya/Data_forTap/selected_Genomes/GCF_002219285.1_ASM221928v1_genomic.fna
⬇️  /home/amoya/Data_forTap/selected_Genomes/GCF_002219285.1_ASM221928v1_genomic.fna.gz
⬇️  /home/amoya/Data_forTap/selected_Genomes/GCF_000298095.1_ASM29809v1_genomic.fna
⬇️  /home/amoya/Data_forTap/selected_Genomes/GCF_000298095.1_ASM29809v1_genomic.fna.gz
⬇️  /home/amoya/Data_forTap/selected_Genomes/GCF_002287605.1_ASM228760v1_genomic.fna
⬇️  /home/amoya/Data_forTap/selected_Genomes/GCF_002287605.1_ASM228760v1_genomic.fna.gz
⬇️  /home/amoya/Data_forTap/selected_Genomes/GCF_002240155.1_ASM224015v1_genomic.fna.gz
⬇️  /home/amoya/Data_forTap/selected_Genomes/GCF_002240155.1_ASM224015v1_genomic.fna
⬇️  /home/amoya/Data_forTap/selected_Genomes/GCF_016756295.1_ASM1675629v1_genomic.fna
⬇️  /home/amoya/Data_forTap/selected_Genomes/GCF_016756295.1_ASM1675629v1_genomic.fna.gz
⬇️  /home/amoya/Data_forTap/selected_Genomes/GCF_016756275.1_ASM1675627v1_genomic.fna.gz
⬇️  /home/amoya/Data_forTap/selected_Genomes/GCF_016756275.1_ASM1675627v1_genomic.fna
⬇️  /home/amoya/Data_forTap/selected_Genomes/GCF_000277125.1_ASM27712v1_genomic.fna.gz
⬇️  /home/amoya/Data_forTap/selected_Genomes/GCF_000277125.1_ASM27712v1_genomic.fna
⬇️  /home/amoya/Data_forTap/selected_Genomes/GCF_016756095.1_ASM1675609v1_genomic.fna
⬇️  /home/amoya/Data_forTap/selected_Genomes/GCF_016756095.1_ASM1675609v1_genomic.fna.gz
⬇️  /home/amoya/Data_forTap/selected_Genomes/GCF_002166795.1_ASM216679v1_genomic.fna
⬇️  /home/amoya/Data_forTap/selected_Genomes/GCF_002166795.1_ASM216679v1_genomic.fna.gz
⬇️  /home/amoya/Data_forTap/selected_Genomes/GCF_016756255.1_ASM1675625v1_genomic.fna
⬇️  /home/amoya/Data_forTap/selected_Genomes/GCF_016756255.1_ASM1675625v1_genomic.fna.gz
⬇️  /home/amoya/Data_forTap/selected_Genomes/GCF_016756015.1_ASM1675601v1_genomic.fna
⬇️  /home/amoya/Data_forTap/selected_Genomes/GCF_016756015.1_ASM1675601v1_genomic.fna.gz
⬇️  /home/amoya/Data_forTap/selected_Genomes/GCF_000277145.1_ASM27714v1_genomic.fna.gz
⬇️  /home/amoya/Data_forTap/selected_Genomes/GCF_000277145.1_ASM27714v1_genomic.fna
⬇️  /home/amoya/Data_forTap/selected_Genomes/GCF_016756035.1_ASM1675603v1_genomic.fna.gz
⬇️  /home/amoya/Data_forTap/selected_Genomes/GCF_016756035.1_ASM1675603v1_genomic.fna
⬇️  /home/amoya/Data_forTap/selected_Genomes/GCF_021183745.1_ASM2118374v1_genomic.fna
⬇️  /home/amoya/Data_forTap/selected_Genomes/GCF_021183745.1_ASM2118374v1_genomic.fna.gz
⬇️  /home/amoya/Data_forTap/selected_Genomes/GCF_000276825.1_ASM27682v1_genomic.fna.gz
⬇️  /home/amoya/Data_forTap/selected_Genomes/GCF_000276825.1_ASM27682v1_genomic.fna
⬇️  /home/amoya/Data_forTap/selected_Genomes/GCF_002219245.1_ASM221924v1_genomic.fna.gz
